nucleus = [19181 19188 19189 19192 19195 19196 19199 19437 19438 19444 19445 19447
 19448 19450 19451 19452 19455 19693 19694 19700 19701 19703 19704 19706
 19707 19708 19711 19949 19950 19956 19957 19959 19960 19962 19963 19964
 19967 20205 20206 20212 20213 20215 20216 20218 20219 20220 20223 20461
 20462 20468 20469 20471 20472 20474 20475 20476 20479 20717 20718 20724
 20725 20727 20728 20730 20731 20732 20735 20974 20980 20981 20983 20984
 20986 20987 20988 20991 22228 22229 22240 22241 22242 22477 22478 22484
 22485 22487 22488 22490 22491 22492 22495 22496 22497 22498 22499 22502
 22505 22733 22734 22740 22741 22743 22744 22746 22747 22748 22751 22752
 22753 22754 22755 22758 22761 22989 22990 22996 22997 22999 23000 23002
 23003 23004 23007 23008 23009 23010 23011 23014 23017 23245 23246 23252
 23253 23255 23256 23258 23259 23260 23263 23264 23265 23266 23267 23270
 23273 23501 23502 23508 23509 23511 23512 23514 23515 23516 23519 23520
 23521 23522 23523 23526 23529 23757 23758 23764 23765 23767 23768 23770
 23771 23772 23775 23776 23777 23778 23779 23782 23785 24023 24024 24026
 24027 24032 24033 24035 24038 24041 25536 25538 25539 25780 25781 25784
 25787 25792 25793 25794 25795 25798 25801 26036 26037 26039 26040 26043
 26044 26047 26048 26049 26050 26051 26054 26057 26292 26293 26295 26296
 26298 26299 26300 26303 26304 26305 26306 26307 26310 26313 26548 26549
 26551 26552 26555 26560 26561 26562 26563 26566 26569 26816 26818 26819
 26822 26825]
bdyatoms_u.size = 28
atom_I = 19194, atom_J = 19191, energy = -168235.27001308225
atom_I = 21242, atom_J = 21239, energy = -168228.31976227355
atom_I = 22235, atom_J = 22232, energy = -168221.15676976767
atom_I = 22239, atom_J = 22236, energy = -168213.99376974514
atom_I = 22243, atom_J = 19182, energy = -168206.84684618938
atom_I = 22249, atom_J = 22246, energy = -168199.68484662176
atom_I = 24021, atom_J = 24020, energy = -168192.52185409033
atom_I = 24031, atom_J = 24028, energy = -168185.3588540649
atom_I = 24034, atom_J = 20973, energy = -168178.21193142017
atom_I = 24297, atom_J = 24294, energy = -168171.04993213754
atom_I = 25282, atom_J = 22221, energy = -168163.88693214578
atom_I = 25525, atom_J = 25524, energy = -168156.72393215462
atom_I = 25537, atom_J = 25536, energy = -168158.8209321574
atom_I = 25545, atom_J = 25542, energy = -168151.65793216624
atom_I = 25786, atom_J = 25783, energy = -168144.49493217494
atom_I = 25791, atom_J = 25788, energy = -168137.33193218368
atom_I = 26042, atom_J = 26039, energy = -168139.42893218863
atom_I = 26554, atom_J = 26551, energy = -168141.5259321917
atom_I = 26559, atom_J = 26556, energy = -168134.36293220072
atom_I = 26810, atom_J = 26807, energy = -168127.19993220986
atom_I = 26811, atom_J = 26808, energy = -168120.03693221876
atom_I = 26817, atom_J = 26816, energy = -168122.13393222296
atom_I = 27075, atom_J = 24014, energy = -168114.97093223094
atom_I = 27081, atom_J = 27078, energy = -168107.80793223972
atom_I = 29090, atom_J = 26029, energy = -168100.6449322481
atom_I = 29091, atom_J = 26030, energy = -168093.4819322577
atom_I = 29346, atom_J = 26285, energy = -168086.3189322661
atom_I = 29347, atom_J = 26286, energy = -168079.15593227575
MINatom_I = 29347, MINatom_J = 26286
nucleus = [19181 19188 19189 19192 19195 19196 19199 19437 19438 19444 19445 19447
 19448 19450 19451 19452 19455 19693 19694 19700 19701 19703 19704 19706
 19707 19708 19711 19949 19950 19956 19957 19959 19960 19962 19963 19964
 19967 20205 20206 20212 20213 20215 20216 20218 20219 20220 20223 20461
 20462 20468 20469 20471 20472 20474 20475 20476 20479 20717 20718 20724
 20725 20727 20728 20730 20731 20732 20735 20974 20980 20981 20983 20984
 20986 20987 20988 20991 22228 22229 22240 22241 22242 22477 22478 22484
 22485 22487 22488 22490 22491 22492 22495 22496 22497 22498 22499 22502
 22505 22733 22734 22740 22741 22743 22744 22746 22747 22748 22751 22752
 22753 22754 22755 22758 22761 22989 22990 22996 22997 22999 23000 23002
 23003 23004 23007 23008 23009 23010 23011 23014 23017 23245 23246 23252
 23253 23255 23256 23258 23259 23260 23263 23264 23265 23266 23267 23270
 23273 23501 23502 23508 23509 23511 23512 23514 23515 23516 23519 23520
 23521 23522 23523 23526 23529 23757 23758 23764 23765 23767 23768 23770
 23771 23772 23775 23776 23777 23778 23779 23782 23785 24023 24024 24026
 24027 24032 24033 24035 24038 24041 25536 25538 25539 25780 25781 25784
 25787 25792 25793 25794 25795 25798 25801 26036 26037 26039 26040 26043
 26044 26047 26048 26049 26050 26051 26054 26057 26292 26293 26295 26296
 26298 26299 26300 26303 26304 26305 26306 26307 26310 26313 26548 26549
 26551 26552 26555 26560 26561 26562 26563 26566 26569 26816 26818 26819
 26822 26825 19194 19191 21242 21239 22235 22232 22239 22236 22243 19182
 22249 22246 24021 24020 24031 24028 24034 20973 24297 24294 25282 22221
 25525 25524 25537 25536 25545 25542 25786 25783 25791 25788 26042 26039
 26554 26551 26559 26556 26810 26807 26811 26808 26817 26816 27075 24014
 27081 27078 29090 26029 29091 26030 29346 26285 29347 26286 29347 26286]
bdyatoms_u.size = 31
atom_I = 18943, atom_J = 18940, energy = -168081.37477670936
atom_I = 21247, atom_J = 21244, energy = -168074.55135923225
atom_I = 21973, atom_J = 21972, energy = -168067.38836502188
atom_I = 21985, atom_J = 21984, energy = -168060.22882124194
atom_I = 21986, atom_J = 18925, energy = -168053.08359586747
atom_I = 22234, atom_J = 22231, energy = -168045.92059589486
atom_I = 24282, atom_J = 24279, energy = -168038.75759592874
atom_I = 24283, atom_J = 24280, energy = -168031.59460173832
atom_I = 24289, atom_J = 24288, energy = -168024.43505874107
atom_I = 24291, atom_J = 21230, energy = -168017.28983362817
atom_I = 25269, atom_J = 25268, energy = -168010.1268336368
atom_I = 25281, atom_J = 25280, energy = -168002.96383364545
atom_I = 25283, atom_J = 22222, energy = -167995.80083365348
atom_I = 25531, atom_J = 25528, energy = -167988.63783366216
atom_I = 25535, atom_J = 25532, energy = -167981.47483367086
atom_I = 26805, atom_J = 26804, energy = -167974.31183367973
atom_I = 26815, atom_J = 26812, energy = -167967.14883368867
atom_I = 27067, atom_J = 27064, energy = -167959.98583369772
atom_I = 27073, atom_J = 27072, energy = -167952.8228337064
atom_I = 27074, atom_J = 24013, energy = -167945.65983371562
atom_I = 28578, atom_J = 25517, energy = -167938.49683372414
atom_I = 28834, atom_J = 25773, energy = -167931.33383373258
atom_I = 28835, atom_J = 25774, energy = -167924.1708337417
atom_I = 29089, atom_J = 29088, energy = -167917.00783375054
atom_I = 29097, atom_J = 29094, energy = -167909.84483375924
atom_I = 29345, atom_J = 29344, energy = -167902.68183376826
atom_I = 29353, atom_J = 29350, energy = -167895.51883377726
atom_I = 29602, atom_J = 26541, energy = -167888.35583378572
atom_I = 29603, atom_J = 26542, energy = -167881.19283379495
atom_I = 29609, atom_J = 29606, energy = -167874.02983380388
atom_I = 29859, atom_J = 26798, energy = -167866.86683381247
MINatom_I = 29859, MINatom_J = 26798
nucleus = [19181 19188 19189 19192 19195 19196 19199 19437 19438 19444 19445 19447
 19448 19450 19451 19452 19455 19693 19694 19700 19701 19703 19704 19706
 19707 19708 19711 19949 19950 19956 19957 19959 19960 19962 19963 19964
 19967 20205 20206 20212 20213 20215 20216 20218 20219 20220 20223 20461
 20462 20468 20469 20471 20472 20474 20475 20476 20479 20717 20718 20724
 20725 20727 20728 20730 20731 20732 20735 20974 20980 20981 20983 20984
 20986 20987 20988 20991 22228 22229 22240 22241 22242 22477 22478 22484
 22485 22487 22488 22490 22491 22492 22495 22496 22497 22498 22499 22502
 22505 22733 22734 22740 22741 22743 22744 22746 22747 22748 22751 22752
 22753 22754 22755 22758 22761 22989 22990 22996 22997 22999 23000 23002
 23003 23004 23007 23008 23009 23010 23011 23014 23017 23245 23246 23252
 23253 23255 23256 23258 23259 23260 23263 23264 23265 23266 23267 23270
 23273 23501 23502 23508 23509 23511 23512 23514 23515 23516 23519 23520
 23521 23522 23523 23526 23529 23757 23758 23764 23765 23767 23768 23770
 23771 23772 23775 23776 23777 23778 23779 23782 23785 24023 24024 24026
 24027 24032 24033 24035 24038 24041 25536 25538 25539 25780 25781 25784
 25787 25792 25793 25794 25795 25798 25801 26036 26037 26039 26040 26043
 26044 26047 26048 26049 26050 26051 26054 26057 26292 26293 26295 26296
 26298 26299 26300 26303 26304 26305 26306 26307 26310 26313 26548 26549
 26551 26552 26555 26560 26561 26562 26563 26566 26569 26816 26818 26819
 26822 26825 19194 19191 21242 21239 22235 22232 22239 22236 22243 19182
 22249 22246 24021 24020 24031 24028 24034 20973 24297 24294 25282 22221
 25525 25524 25537 25536 25545 25542 25786 25783 25791 25788 26042 26039
 26554 26551 26559 26556 26810 26807 26811 26808 26817 26816 27075 24014
 27081 27078 29090 26029 29091 26030 29346 26285 29347 26286 29347 26286
 18943 18940 21247 21244 21973 21972 21985 21984 21986 18925 22234 22231
 24282 24279 24283 24280 24289 24288 24291 21230 25269 25268 25281 25280
 25283 22222 25531 25528 25535 25532 26805 26804 26815 26812 27067 27064
 27073 27072 27074 24013 28578 25517 28834 25773 28835 25774 29089 29088
 29097 29094 29345 29344 29353 29350 29602 26541 29603 26542 29609 29606
 29859 26798 29859 26798]
bdyatoms_u.size = 38
atom_I = 18933, atom_J = 18932, energy = -167871.39786087195
atom_I = 18938, atom_J = 18935, energy = -167864.50066748934
atom_I = 18939, atom_J = 18936, energy = -167863.63283877203
atom_I = 21237, atom_J = 21236, energy = -167859.20813153996
atom_I = 21243, atom_J = 21240, energy = -167858.22943659738
atom_I = 21498, atom_J = 21495, energy = -167851.26910630488
atom_I = 21979, atom_J = 21976, energy = -167844.1061129189
atom_I = 21983, atom_J = 21980, energy = -167836.94311288415
atom_I = 21987, atom_J = 18926, energy = -167829.7962315287
atom_I = 21993, atom_J = 21990, energy = -167822.63425843904
atom_I = 24277, atom_J = 24276, energy = -167815.4712650188
atom_I = 24287, atom_J = 24284, energy = -167808.3082649888
atom_I = 24290, atom_J = 21229, energy = -167801.16138511855
atom_I = 24553, atom_J = 24550, energy = -167793.99941234634
atom_I = 25026, atom_J = 21965, energy = -167786.83641235466
atom_I = 25275, atom_J = 25272, energy = -167779.67341236337
atom_I = 25279, atom_J = 25276, energy = -167772.51041237204
atom_I = 25289, atom_J = 25286, energy = -167765.3474123809
atom_I = 25530, atom_J = 25527, energy = -167758.1844123898
atom_I = 27061, atom_J = 27060, energy = -167751.0214123987
atom_I = 27066, atom_J = 27063, energy = -167743.8584124076
atom_I = 27071, atom_J = 27068, energy = -167736.6954124167
atom_I = 27331, atom_J = 24270, energy = -167729.53241242442
atom_I = 27337, atom_J = 27334, energy = -167722.36941243327
atom_I = 28577, atom_J = 28576, energy = -167715.206412442
atom_I = 28579, atom_J = 25518, energy = -167708.04341245076
atom_I = 28821, atom_J = 28820, energy = -167700.88041245966
atom_I = 28833, atom_J = 28832, energy = -167693.71741246848
atom_I = 28841, atom_J = 28838, energy = -167686.55441247724
atom_I = 29077, atom_J = 29076, energy = -167679.39141248626
atom_I = 29083, atom_J = 29080, energy = -167672.22841249517
atom_I = 29333, atom_J = 29332, energy = -167665.06541250434
atom_I = 29339, atom_J = 29336, energy = -167657.90241251347
atom_I = 29595, atom_J = 29592, energy = -167650.73941252255
atom_I = 29601, atom_J = 29600, energy = -167643.57641253134
atom_I = 29857, atom_J = 29856, energy = -167636.41341254045
atom_I = 29858, atom_J = 26797, energy = -167629.2504125494
atom_I = 29865, atom_J = 29862, energy = -167622.08741255826
MINatom_I = 29865, MINatom_J = 29862
nucleus = [19181 19188 19189 19192 19195 19196 19199 19437 19438 19444 19445 19447
 19448 19450 19451 19452 19455 19693 19694 19700 19701 19703 19704 19706
 19707 19708 19711 19949 19950 19956 19957 19959 19960 19962 19963 19964
 19967 20205 20206 20212 20213 20215 20216 20218 20219 20220 20223 20461
 20462 20468 20469 20471 20472 20474 20475 20476 20479 20717 20718 20724
 20725 20727 20728 20730 20731 20732 20735 20974 20980 20981 20983 20984
 20986 20987 20988 20991 22228 22229 22240 22241 22242 22477 22478 22484
 22485 22487 22488 22490 22491 22492 22495 22496 22497 22498 22499 22502
 22505 22733 22734 22740 22741 22743 22744 22746 22747 22748 22751 22752
 22753 22754 22755 22758 22761 22989 22990 22996 22997 22999 23000 23002
 23003 23004 23007 23008 23009 23010 23011 23014 23017 23245 23246 23252
 23253 23255 23256 23258 23259 23260 23263 23264 23265 23266 23267 23270
 23273 23501 23502 23508 23509 23511 23512 23514 23515 23516 23519 23520
 23521 23522 23523 23526 23529 23757 23758 23764 23765 23767 23768 23770
 23771 23772 23775 23776 23777 23778 23779 23782 23785 24023 24024 24026
 24027 24032 24033 24035 24038 24041 25536 25538 25539 25780 25781 25784
 25787 25792 25793 25794 25795 25798 25801 26036 26037 26039 26040 26043
 26044 26047 26048 26049 26050 26051 26054 26057 26292 26293 26295 26296
 26298 26299 26300 26303 26304 26305 26306 26307 26310 26313 26548 26549
 26551 26552 26555 26560 26561 26562 26563 26566 26569 26816 26818 26819
 26822 26825 19194 19191 21242 21239 22235 22232 22239 22236 22243 19182
 22249 22246 24021 24020 24031 24028 24034 20973 24297 24294 25282 22221
 25525 25524 25537 25536 25545 25542 25786 25783 25791 25788 26042 26039
 26554 26551 26559 26556 26810 26807 26811 26808 26817 26816 27075 24014
 27081 27078 29090 26029 29091 26030 29346 26285 29347 26286 29347 26286
 18943 18940 21247 21244 21973 21972 21985 21984 21986 18925 22234 22231
 24282 24279 24283 24280 24289 24288 24291 21230 25269 25268 25281 25280
 25283 22222 25531 25528 25535 25532 26805 26804 26815 26812 27067 27064
 27073 27072 27074 24013 28578 25517 28834 25773 28835 25774 29089 29088
 29097 29094 29345 29344 29353 29350 29602 26541 29603 26542 29609 29606
 29859 26798 29859 26798 18933 18932 18938 18935 18939 18936 21237 21236
 21243 21240 21498 21495 21979 21976 21983 21980 21987 18926 21993 21990
 24277 24276 24287 24284 24290 21229 24553 24550 25026 21965 25275 25272
 25279 25276 25289 25286 25530 25527 27061 27060 27066 27063 27071 27068
 27331 24270 27337 27334 28577 28576 28579 25518 28821 28820 28833 28832
 28841 28838 29077 29076 29083 29080 29333 29332 29339 29336 29595 29592
 29601 29600 29857 29856 29858 26797 29865 29862 29865 29862]
bdyatoms_u.size = 37
atom_I = 18687, atom_J = 18684, energy = -167624.29574275253
atom_I = 21503, atom_J = 21500, energy = -167617.4507891414
atom_I = 21717, atom_J = 21716, energy = -167610.28779426307
atom_I = 21729, atom_J = 21728, energy = -167603.12816496647
atom_I = 21730, atom_J = 18669, energy = -167595.98261424754
atom_I = 21978, atom_J = 21975, energy = -167588.81961426954
atom_I = 24538, atom_J = 24535, energy = -167581.6566142974
atom_I = 24539, atom_J = 24536, energy = -167574.49361943803
atom_I = 24545, atom_J = 24544, energy = -167567.3339958235
atom_I = 24547, atom_J = 21486, energy = -167560.18846780254
atom_I = 25013, atom_J = 25012, energy = -167553.0254678112
atom_I = 25025, atom_J = 25024, energy = -167545.86246781977
atom_I = 25027, atom_J = 21966, energy = -167538.69946782792
atom_I = 25274, atom_J = 25271, energy = -167531.53646783656
atom_I = 27322, atom_J = 27319, energy = -167524.3734678458
atom_I = 27323, atom_J = 27320, energy = -167517.21046785454
atom_I = 27329, atom_J = 27328, energy = -167510.04746786316
atom_I = 27330, atom_J = 24269, energy = -167502.88446787145
atom_I = 28322, atom_J = 25261, energy = -167495.7214678794
atom_I = 28323, atom_J = 25262, energy = -167488.55846788883
atom_I = 28565, atom_J = 28564, energy = -167481.39546789767
atom_I = 28571, atom_J = 28568, energy = -167474.23246790655
atom_I = 28585, atom_J = 28582, energy = -167467.06946791537
atom_I = 28827, atom_J = 28824, energy = -167459.9064679244
atom_I = 28831, atom_J = 28828, energy = -167452.74346793347
atom_I = 29082, atom_J = 29079, energy = -167445.58046794243
atom_I = 29087, atom_J = 29084, energy = -167438.41746795125
atom_I = 29338, atom_J = 29335, energy = -167431.2544679603
atom_I = 29343, atom_J = 29340, energy = -167424.0914679693
atom_I = 29589, atom_J = 29588, energy = -167416.92846797832
atom_I = 29594, atom_J = 29591, energy = -167409.7654679873
atom_I = 29599, atom_J = 29596, energy = -167402.60246799645
atom_I = 29845, atom_J = 29844, energy = -167395.4394680056
atom_I = 29851, atom_J = 29848, energy = -167388.27646801458
atom_I = 30114, atom_J = 27053, energy = -167381.11346802392
atom_I = 30115, atom_J = 27054, energy = -167373.95046803227
atom_I = 30121, atom_J = 30118, energy = -167366.7874680412
MINatom_I = 30121, MINatom_J = 30118
nucleus = [19181 19188 19189 19192 19195 19196 19199 19437 19438 19444 19445 19447
 19448 19450 19451 19452 19455 19693 19694 19700 19701 19703 19704 19706
 19707 19708 19711 19949 19950 19956 19957 19959 19960 19962 19963 19964
 19967 20205 20206 20212 20213 20215 20216 20218 20219 20220 20223 20461
 20462 20468 20469 20471 20472 20474 20475 20476 20479 20717 20718 20724
 20725 20727 20728 20730 20731 20732 20735 20974 20980 20981 20983 20984
 20986 20987 20988 20991 22228 22229 22240 22241 22242 22477 22478 22484
 22485 22487 22488 22490 22491 22492 22495 22496 22497 22498 22499 22502
 22505 22733 22734 22740 22741 22743 22744 22746 22747 22748 22751 22752
 22753 22754 22755 22758 22761 22989 22990 22996 22997 22999 23000 23002
 23003 23004 23007 23008 23009 23010 23011 23014 23017 23245 23246 23252
 23253 23255 23256 23258 23259 23260 23263 23264 23265 23266 23267 23270
 23273 23501 23502 23508 23509 23511 23512 23514 23515 23516 23519 23520
 23521 23522 23523 23526 23529 23757 23758 23764 23765 23767 23768 23770
 23771 23772 23775 23776 23777 23778 23779 23782 23785 24023 24024 24026
 24027 24032 24033 24035 24038 24041 25536 25538 25539 25780 25781 25784
 25787 25792 25793 25794 25795 25798 25801 26036 26037 26039 26040 26043
 26044 26047 26048 26049 26050 26051 26054 26057 26292 26293 26295 26296
 26298 26299 26300 26303 26304 26305 26306 26307 26310 26313 26548 26549
 26551 26552 26555 26560 26561 26562 26563 26566 26569 26816 26818 26819
 26822 26825 19194 19191 21242 21239 22235 22232 22239 22236 22243 19182
 22249 22246 24021 24020 24031 24028 24034 20973 24297 24294 25282 22221
 25525 25524 25537 25536 25545 25542 25786 25783 25791 25788 26042 26039
 26554 26551 26559 26556 26810 26807 26811 26808 26817 26816 27075 24014
 27081 27078 29090 26029 29091 26030 29346 26285 29347 26286 29347 26286
 18943 18940 21247 21244 21973 21972 21985 21984 21986 18925 22234 22231
 24282 24279 24283 24280 24289 24288 24291 21230 25269 25268 25281 25280
 25283 22222 25531 25528 25535 25532 26805 26804 26815 26812 27067 27064
 27073 27072 27074 24013 28578 25517 28834 25773 28835 25774 29089 29088
 29097 29094 29345 29344 29353 29350 29602 26541 29603 26542 29609 29606
 29859 26798 29859 26798 18933 18932 18938 18935 18939 18936 21237 21236
 21243 21240 21498 21495 21979 21976 21983 21980 21987 18926 21993 21990
 24277 24276 24287 24284 24290 21229 24553 24550 25026 21965 25275 25272
 25279 25276 25289 25286 25530 25527 27061 27060 27066 27063 27071 27068
 27331 24270 27337 27334 28577 28576 28579 25518 28821 28820 28833 28832
 28841 28838 29077 29076 29083 29080 29333 29332 29339 29336 29595 29592
 29601 29600 29857 29856 29858 26797 29865 29862 29865 29862 18687 18684
 21503 21500 21717 21716 21729 21728 21730 18669 21978 21975 24538 24535
 24539 24536 24545 24544 24547 21486 25013 25012 25025 25024 25027 21966
 25274 25271 27322 27319 27323 27320 27329 27328 27330 24269 28322 25261
 28323 25262 28565 28564 28571 28568 28585 28582 28827 28824 28831 28828
 29082 29079 29087 29084 29338 29335 29343 29340 29589 29588 29594 29591
 29599 29596 29845 29844 29851 29848 30114 27053 30115 27054 30121 30118
 30121 30118]
bdyatoms_u.size = 42
atom_I = 18677, atom_J = 18676, energy = -167371.31601153107
atom_I = 18682, atom_J = 18679, energy = -167364.3953350371
atom_I = 18683, atom_J = 18680, energy = -167363.37541079387
atom_I = 21493, atom_J = 21492, energy = -167358.840661152
atom_I = 21499, atom_J = 21496, energy = -167357.716419963
atom_I = 21723, atom_J = 21720, energy = -167350.55342473203
atom_I = 21727, atom_J = 21724, energy = -167343.39042471265
atom_I = 21731, atom_J = 18670, energy = -167336.2425482742
atom_I = 21737, atom_J = 21734, energy = -167329.08004086325
atom_I = 24533, atom_J = 24532, energy = -167321.91704432855
atom_I = 24543, atom_J = 24540, energy = -167314.75404430757
atom_I = 24546, atom_J = 21485, energy = -167307.6067872047
atom_I = 24770, atom_J = 21709, energy = -167300.44378721298
atom_I = 25019, atom_J = 25016, energy = -167293.28078722168
atom_I = 25023, atom_J = 25020, energy = -167286.11778723038
atom_I = 25033, atom_J = 25030, energy = -167278.95478723908
atom_I = 27317, atom_J = 27316, energy = -167271.791787248
atom_I = 27327, atom_J = 27324, energy = -167264.6287872569
atom_I = 27587, atom_J = 24526, energy = -167257.46578726568
atom_I = 27593, atom_J = 27590, energy = -167250.30278727447
atom_I = 28066, atom_J = 25005, energy = -167243.13978728262
atom_I = 28309, atom_J = 28308, energy = -167235.97678729153
atom_I = 28321, atom_J = 28320, energy = -167228.81378730037
atom_I = 28329, atom_J = 28326, energy = -167221.6507873092
atom_I = 28570, atom_J = 28567, energy = -167214.48778731812
atom_I = 28575, atom_J = 28572, energy = -167207.32478732726
atom_I = 28826, atom_J = 28823, energy = -167200.16178733614
atom_I = 29850, atom_J = 29847, energy = -167192.9987873452
atom_I = 29855, atom_J = 29852, energy = -167185.83578735462
atom_I = 30106, atom_J = 30103, energy = -167178.67278736382
atom_I = 30107, atom_J = 30104, energy = -167171.50978737287
atom_I = 30113, atom_J = 30112, energy = -167164.34678738166
atom_I = 30371, atom_J = 27310, energy = -167157.1837873902
atom_I = 30377, atom_J = 30374, energy = -167150.02078739915
atom_I = 31874, atom_J = 28813, energy = -167142.85778740863
atom_I = 31875, atom_J = 28814, energy = -167135.69478741713
atom_I = 32130, atom_J = 29069, energy = -167128.5317874267
atom_I = 32131, atom_J = 29070, energy = -167121.36878743497
atom_I = 32386, atom_J = 29325, energy = -167114.20578744472
atom_I = 32387, atom_J = 29326, energy = -167107.0427874528
atom_I = 32642, atom_J = 29581, energy = -167099.87978746294
atom_I = 32643, atom_J = 29582, energy = -167092.7167874708
MINatom_I = 32643, MINatom_J = 29582
nucleus = [19181 19188 19189 19192 19195 19196 19199 19437 19438 19444 19445 19447
 19448 19450 19451 19452 19455 19693 19694 19700 19701 19703 19704 19706
 19707 19708 19711 19949 19950 19956 19957 19959 19960 19962 19963 19964
 19967 20205 20206 20212 20213 20215 20216 20218 20219 20220 20223 20461
 20462 20468 20469 20471 20472 20474 20475 20476 20479 20717 20718 20724
 20725 20727 20728 20730 20731 20732 20735 20974 20980 20981 20983 20984
 20986 20987 20988 20991 22228 22229 22240 22241 22242 22477 22478 22484
 22485 22487 22488 22490 22491 22492 22495 22496 22497 22498 22499 22502
 22505 22733 22734 22740 22741 22743 22744 22746 22747 22748 22751 22752
 22753 22754 22755 22758 22761 22989 22990 22996 22997 22999 23000 23002
 23003 23004 23007 23008 23009 23010 23011 23014 23017 23245 23246 23252
 23253 23255 23256 23258 23259 23260 23263 23264 23265 23266 23267 23270
 23273 23501 23502 23508 23509 23511 23512 23514 23515 23516 23519 23520
 23521 23522 23523 23526 23529 23757 23758 23764 23765 23767 23768 23770
 23771 23772 23775 23776 23777 23778 23779 23782 23785 24023 24024 24026
 24027 24032 24033 24035 24038 24041 25536 25538 25539 25780 25781 25784
 25787 25792 25793 25794 25795 25798 25801 26036 26037 26039 26040 26043
 26044 26047 26048 26049 26050 26051 26054 26057 26292 26293 26295 26296
 26298 26299 26300 26303 26304 26305 26306 26307 26310 26313 26548 26549
 26551 26552 26555 26560 26561 26562 26563 26566 26569 26816 26818 26819
 26822 26825 19194 19191 21242 21239 22235 22232 22239 22236 22243 19182
 22249 22246 24021 24020 24031 24028 24034 20973 24297 24294 25282 22221
 25525 25524 25537 25536 25545 25542 25786 25783 25791 25788 26042 26039
 26554 26551 26559 26556 26810 26807 26811 26808 26817 26816 27075 24014
 27081 27078 29090 26029 29091 26030 29346 26285 29347 26286 29347 26286
 18943 18940 21247 21244 21973 21972 21985 21984 21986 18925 22234 22231
 24282 24279 24283 24280 24289 24288 24291 21230 25269 25268 25281 25280
 25283 22222 25531 25528 25535 25532 26805 26804 26815 26812 27067 27064
 27073 27072 27074 24013 28578 25517 28834 25773 28835 25774 29089 29088
 29097 29094 29345 29344 29353 29350 29602 26541 29603 26542 29609 29606
 29859 26798 29859 26798 18933 18932 18938 18935 18939 18936 21237 21236
 21243 21240 21498 21495 21979 21976 21983 21980 21987 18926 21993 21990
 24277 24276 24287 24284 24290 21229 24553 24550 25026 21965 25275 25272
 25279 25276 25289 25286 25530 25527 27061 27060 27066 27063 27071 27068
 27331 24270 27337 27334 28577 28576 28579 25518 28821 28820 28833 28832
 28841 28838 29077 29076 29083 29080 29333 29332 29339 29336 29595 29592
 29601 29600 29857 29856 29858 26797 29865 29862 29865 29862 18687 18684
 21503 21500 21717 21716 21729 21728 21730 18669 21978 21975 24538 24535
 24539 24536 24545 24544 24547 21486 25013 25012 25025 25024 25027 21966
 25274 25271 27322 27319 27323 27320 27329 27328 27330 24269 28322 25261
 28323 25262 28565 28564 28571 28568 28585 28582 28827 28824 28831 28828
 29082 29079 29087 29084 29338 29335 29343 29340 29589 29588 29594 29591
 29599 29596 29845 29844 29851 29848 30114 27053 30115 27054 30121 30118
 30121 30118 18677 18676 18682 18679 18683 18680 21493 21492 21499 21496
 21723 21720 21727 21724 21731 18670 21737 21734 24533 24532 24543 24540
 24546 21485 24770 21709 25019 25016 25023 25020 25033 25030 27317 27316
 27327 27324 27587 24526 27593 27590 28066 25005 28309 28308 28321 28320
 28329 28326 28570 28567 28575 28572 28826 28823 29850 29847 29855 29852
 30106 30103 30107 30104 30113 30112 30371 27310 30377 30374 31874 28813
 31875 28814 32130 29069 32131 29070 32386 29325 32387 29326 32642 29581
 32643 29582 32643 29582]
bdyatoms_u.size = 34
atom_I = 21722, atom_J = 21719, energy = -167094.59578749407
atom_I = 24757, atom_J = 24756, energy = -167087.43278750277
atom_I = 24769, atom_J = 24768, energy = -167080.2697875114
atom_I = 24771, atom_J = 21710, energy = -167073.10678751982
atom_I = 25018, atom_J = 25015, energy = -167065.9437875285
atom_I = 27578, atom_J = 27575, energy = -167058.78078753763
atom_I = 27579, atom_J = 27576, energy = -167051.6177875463
atom_I = 27585, atom_J = 27584, energy = -167044.45478755506
atom_I = 27586, atom_J = 24525, energy = -167037.2917875636
atom_I = 28053, atom_J = 28052, energy = -167030.1287875724
atom_I = 28065, atom_J = 28064, energy = -167022.96578758123
atom_I = 28067, atom_J = 25006, energy = -167015.80278758984
atom_I = 28315, atom_J = 28312, energy = -167008.6397875988
atom_I = 28319, atom_J = 28316, energy = -167001.47678760774
atom_I = 30101, atom_J = 30100, energy = -166994.31378761667
atom_I = 30111, atom_J = 30108, energy = -166987.1507876258
atom_I = 30363, atom_J = 30360, energy = -166979.98778763495
atom_I = 30369, atom_J = 30368, energy = -166972.8247876439
atom_I = 30370, atom_J = 27309, energy = -166965.66178765392
atom_I = 31362, atom_J = 28301, energy = -166958.49878766175
atom_I = 31618, atom_J = 28557, energy = -166951.33578767197
atom_I = 31619, atom_J = 28558, energy = -166944.17278767965
atom_I = 31873, atom_J = 31872, energy = -166937.0097876887
atom_I = 31881, atom_J = 31878, energy = -166929.8467876977
atom_I = 32129, atom_J = 32128, energy = -166922.6837877067
atom_I = 32137, atom_J = 32134, energy = -166915.52078771556
atom_I = 32385, atom_J = 32384, energy = -166908.35778772458
atom_I = 32393, atom_J = 32390, energy = -166901.19478773343
atom_I = 32641, atom_J = 32640, energy = -166894.0317877426
atom_I = 32649, atom_J = 32646, energy = -166886.86878775153
atom_I = 32898, atom_J = 29837, energy = -166879.70578776082
atom_I = 32899, atom_J = 29838, energy = -166872.54278776943
atom_I = 32905, atom_J = 32902, energy = -166865.3797877784
atom_I = 33155, atom_J = 30094, energy = -166858.2167877877
MINatom_I = 33155, MINatom_J = 30094
nucleus = [19181 19188 19189 19192 19195 19196 19199 19437 19438 19444 19445 19447
 19448 19450 19451 19452 19455 19693 19694 19700 19701 19703 19704 19706
 19707 19708 19711 19949 19950 19956 19957 19959 19960 19962 19963 19964
 19967 20205 20206 20212 20213 20215 20216 20218 20219 20220 20223 20461
 20462 20468 20469 20471 20472 20474 20475 20476 20479 20717 20718 20724
 20725 20727 20728 20730 20731 20732 20735 20974 20980 20981 20983 20984
 20986 20987 20988 20991 22228 22229 22240 22241 22242 22477 22478 22484
 22485 22487 22488 22490 22491 22492 22495 22496 22497 22498 22499 22502
 22505 22733 22734 22740 22741 22743 22744 22746 22747 22748 22751 22752
 22753 22754 22755 22758 22761 22989 22990 22996 22997 22999 23000 23002
 23003 23004 23007 23008 23009 23010 23011 23014 23017 23245 23246 23252
 23253 23255 23256 23258 23259 23260 23263 23264 23265 23266 23267 23270
 23273 23501 23502 23508 23509 23511 23512 23514 23515 23516 23519 23520
 23521 23522 23523 23526 23529 23757 23758 23764 23765 23767 23768 23770
 23771 23772 23775 23776 23777 23778 23779 23782 23785 24023 24024 24026
 24027 24032 24033 24035 24038 24041 25536 25538 25539 25780 25781 25784
 25787 25792 25793 25794 25795 25798 25801 26036 26037 26039 26040 26043
 26044 26047 26048 26049 26050 26051 26054 26057 26292 26293 26295 26296
 26298 26299 26300 26303 26304 26305 26306 26307 26310 26313 26548 26549
 26551 26552 26555 26560 26561 26562 26563 26566 26569 26816 26818 26819
 26822 26825 19194 19191 21242 21239 22235 22232 22239 22236 22243 19182
 22249 22246 24021 24020 24031 24028 24034 20973 24297 24294 25282 22221
 25525 25524 25537 25536 25545 25542 25786 25783 25791 25788 26042 26039
 26554 26551 26559 26556 26810 26807 26811 26808 26817 26816 27075 24014
 27081 27078 29090 26029 29091 26030 29346 26285 29347 26286 29347 26286
 18943 18940 21247 21244 21973 21972 21985 21984 21986 18925 22234 22231
 24282 24279 24283 24280 24289 24288 24291 21230 25269 25268 25281 25280
 25283 22222 25531 25528 25535 25532 26805 26804 26815 26812 27067 27064
 27073 27072 27074 24013 28578 25517 28834 25773 28835 25774 29089 29088
 29097 29094 29345 29344 29353 29350 29602 26541 29603 26542 29609 29606
 29859 26798 29859 26798 18933 18932 18938 18935 18939 18936 21237 21236
 21243 21240 21498 21495 21979 21976 21983 21980 21987 18926 21993 21990
 24277 24276 24287 24284 24290 21229 24553 24550 25026 21965 25275 25272
 25279 25276 25289 25286 25530 25527 27061 27060 27066 27063 27071 27068
 27331 24270 27337 27334 28577 28576 28579 25518 28821 28820 28833 28832
 28841 28838 29077 29076 29083 29080 29333 29332 29339 29336 29595 29592
 29601 29600 29857 29856 29858 26797 29865 29862 29865 29862 18687 18684
 21503 21500 21717 21716 21729 21728 21730 18669 21978 21975 24538 24535
 24539 24536 24545 24544 24547 21486 25013 25012 25025 25024 25027 21966
 25274 25271 27322 27319 27323 27320 27329 27328 27330 24269 28322 25261
 28323 25262 28565 28564 28571 28568 28585 28582 28827 28824 28831 28828
 29082 29079 29087 29084 29338 29335 29343 29340 29589 29588 29594 29591
 29599 29596 29845 29844 29851 29848 30114 27053 30115 27054 30121 30118
 30121 30118 18677 18676 18682 18679 18683 18680 21493 21492 21499 21496
 21723 21720 21727 21724 21731 18670 21737 21734 24533 24532 24543 24540
 24546 21485 24770 21709 25019 25016 25023 25020 25033 25030 27317 27316
 27327 27324 27587 24526 27593 27590 28066 25005 28309 28308 28321 28320
 28329 28326 28570 28567 28575 28572 28826 28823 29850 29847 29855 29852
 30106 30103 30107 30104 30113 30112 30371 27310 30377 30374 31874 28813
 31875 28814 32130 29069 32131 29070 32386 29325 32387 29326 32642 29581
 32643 29582 32643 29582 21722 21719 24757 24756 24769 24768 24771 21710
 25018 25015 27578 27575 27579 27576 27585 27584 27586 24525 28053 28052
 28065 28064 28067 25006 28315 28312 28319 28316 30101 30100 30111 30108
 30363 30360 30369 30368 30370 27309 31362 28301 31618 28557 31619 28558
 31873 31872 31881 31878 32129 32128 32137 32134 32385 32384 32393 32390
 32641 32640 32649 32646 32898 29837 32899 29838 32905 32902 33155 30094
 33155 30094]
bdyatoms_u.size = 33
atom_I = 24763, atom_J = 24760, energy = -166860.09578779645
atom_I = 24767, atom_J = 24764, energy = -166852.9327878052
atom_I = 24777, atom_J = 24774, energy = -166845.76978781447
atom_I = 27573, atom_J = 27572, energy = -166838.6067878235
atom_I = 27583, atom_J = 27580, energy = -166831.44378783242
atom_I = 27810, atom_J = 24749, energy = -166824.28078784113
atom_I = 28059, atom_J = 28056, energy = -166817.11778784994
atom_I = 28063, atom_J = 28060, energy = -166809.9547878589
atom_I = 28073, atom_J = 28070, energy = -166802.79178786764
atom_I = 28314, atom_J = 28311, energy = -166795.6287878765
atom_I = 30357, atom_J = 30356, energy = -166788.46578788574
atom_I = 30362, atom_J = 30359, energy = -166781.30278789465
atom_I = 30367, atom_J = 30364, energy = -166774.13978790384
atom_I = 30627, atom_J = 27566, energy = -166766.97678791246
atom_I = 30633, atom_J = 30630, energy = -166759.81378792122
atom_I = 31361, atom_J = 31360, energy = -166752.65078793038
atom_I = 31363, atom_J = 28302, energy = -166745.48778793935
atom_I = 31605, atom_J = 31604, energy = -166738.32478794854
atom_I = 31617, atom_J = 31616, energy = -166731.16178795736
atom_I = 31625, atom_J = 31622, energy = -166723.99878796632
atom_I = 31861, atom_J = 31860, energy = -166716.83578797517
atom_I = 31867, atom_J = 31864, energy = -166709.6727879843
atom_I = 32117, atom_J = 32116, energy = -166702.50978799324
atom_I = 32123, atom_J = 32120, energy = -166695.34678800232
atom_I = 32373, atom_J = 32372, energy = -166688.18378801126
atom_I = 32379, atom_J = 32376, energy = -166681.02078802022
atom_I = 32629, atom_J = 32628, energy = -166673.85778802927
atom_I = 32635, atom_J = 32632, energy = -166666.69478803859
atom_I = 32891, atom_J = 32888, energy = -166659.53178804767
atom_I = 32897, atom_J = 32896, energy = -166652.36878805654
atom_I = 33153, atom_J = 33152, energy = -166645.20578806577
atom_I = 33154, atom_J = 30093, energy = -166638.04278807456
atom_I = 33161, atom_J = 33158, energy = -166630.8797880835
MINatom_I = 33161, MINatom_J = 33158
nucleus = [19181 19188 19189 19192 19195 19196 19199 19437 19438 19444 19445 19447
 19448 19450 19451 19452 19455 19693 19694 19700 19701 19703 19704 19706
 19707 19708 19711 19949 19950 19956 19957 19959 19960 19962 19963 19964
 19967 20205 20206 20212 20213 20215 20216 20218 20219 20220 20223 20461
 20462 20468 20469 20471 20472 20474 20475 20476 20479 20717 20718 20724
 20725 20727 20728 20730 20731 20732 20735 20974 20980 20981 20983 20984
 20986 20987 20988 20991 22228 22229 22240 22241 22242 22477 22478 22484
 22485 22487 22488 22490 22491 22492 22495 22496 22497 22498 22499 22502
 22505 22733 22734 22740 22741 22743 22744 22746 22747 22748 22751 22752
 22753 22754 22755 22758 22761 22989 22990 22996 22997 22999 23000 23002
 23003 23004 23007 23008 23009 23010 23011 23014 23017 23245 23246 23252
 23253 23255 23256 23258 23259 23260 23263 23264 23265 23266 23267 23270
 23273 23501 23502 23508 23509 23511 23512 23514 23515 23516 23519 23520
 23521 23522 23523 23526 23529 23757 23758 23764 23765 23767 23768 23770
 23771 23772 23775 23776 23777 23778 23779 23782 23785 24023 24024 24026
 24027 24032 24033 24035 24038 24041 25536 25538 25539 25780 25781 25784
 25787 25792 25793 25794 25795 25798 25801 26036 26037 26039 26040 26043
 26044 26047 26048 26049 26050 26051 26054 26057 26292 26293 26295 26296
 26298 26299 26300 26303 26304 26305 26306 26307 26310 26313 26548 26549
 26551 26552 26555 26560 26561 26562 26563 26566 26569 26816 26818 26819
 26822 26825 19194 19191 21242 21239 22235 22232 22239 22236 22243 19182
 22249 22246 24021 24020 24031 24028 24034 20973 24297 24294 25282 22221
 25525 25524 25537 25536 25545 25542 25786 25783 25791 25788 26042 26039
 26554 26551 26559 26556 26810 26807 26811 26808 26817 26816 27075 24014
 27081 27078 29090 26029 29091 26030 29346 26285 29347 26286 29347 26286
 18943 18940 21247 21244 21973 21972 21985 21984 21986 18925 22234 22231
 24282 24279 24283 24280 24289 24288 24291 21230 25269 25268 25281 25280
 25283 22222 25531 25528 25535 25532 26805 26804 26815 26812 27067 27064
 27073 27072 27074 24013 28578 25517 28834 25773 28835 25774 29089 29088
 29097 29094 29345 29344 29353 29350 29602 26541 29603 26542 29609 29606
 29859 26798 29859 26798 18933 18932 18938 18935 18939 18936 21237 21236
 21243 21240 21498 21495 21979 21976 21983 21980 21987 18926 21993 21990
 24277 24276 24287 24284 24290 21229 24553 24550 25026 21965 25275 25272
 25279 25276 25289 25286 25530 25527 27061 27060 27066 27063 27071 27068
 27331 24270 27337 27334 28577 28576 28579 25518 28821 28820 28833 28832
 28841 28838 29077 29076 29083 29080 29333 29332 29339 29336 29595 29592
 29601 29600 29857 29856 29858 26797 29865 29862 29865 29862 18687 18684
 21503 21500 21717 21716 21729 21728 21730 18669 21978 21975 24538 24535
 24539 24536 24545 24544 24547 21486 25013 25012 25025 25024 25027 21966
 25274 25271 27322 27319 27323 27320 27329 27328 27330 24269 28322 25261
 28323 25262 28565 28564 28571 28568 28585 28582 28827 28824 28831 28828
 29082 29079 29087 29084 29338 29335 29343 29340 29589 29588 29594 29591
 29599 29596 29845 29844 29851 29848 30114 27053 30115 27054 30121 30118
 30121 30118 18677 18676 18682 18679 18683 18680 21493 21492 21499 21496
 21723 21720 21727 21724 21731 18670 21737 21734 24533 24532 24543 24540
 24546 21485 24770 21709 25019 25016 25023 25020 25033 25030 27317 27316
 27327 27324 27587 24526 27593 27590 28066 25005 28309 28308 28321 28320
 28329 28326 28570 28567 28575 28572 28826 28823 29850 29847 29855 29852
 30106 30103 30107 30104 30113 30112 30371 27310 30377 30374 31874 28813
 31875 28814 32130 29069 32131 29070 32386 29325 32387 29326 32642 29581
 32643 29582 32643 29582 21722 21719 24757 24756 24769 24768 24771 21710
 25018 25015 27578 27575 27579 27576 27585 27584 27586 24525 28053 28052
 28065 28064 28067 25006 28315 28312 28319 28316 30101 30100 30111 30108
 30363 30360 30369 30368 30370 27309 31362 28301 31618 28557 31619 28558
 31873 31872 31881 31878 32129 32128 32137 32134 32385 32384 32393 32390
 32641 32640 32649 32646 32898 29837 32899 29838 32905 32902 33155 30094
 33155 30094 24763 24760 24767 24764 24777 24774 27573 27572 27583 27580
 27810 24749 28059 28056 28063 28060 28073 28070 28314 28311 30357 30356
 30362 30359 30367 30364 30627 27566 30633 30630 31361 31360 31363 28302
 31605 31604 31617 31616 31625 31622 31861 31860 31867 31864 32117 32116
 32123 32120 32373 32372 32379 32376 32629 32628 32635 32632 32891 32888
 32897 32896 33153 33152 33154 30093 33161 33158 33161 33158]
bdyatoms_u.size = 32
atom_I = 24762, atom_J = 24759, energy = -166632.7587880924
